<?xml version="1.0" encoding="UTF-8"?>
<testng-results skipped="0" failed="0" total="4" passed="4">
  <reporter-output>
  </reporter-output>
  <suite name="Suite" duration-ms="33388" started-at="2021-05-07T13:39:23Z" finished-at="2021-05-07T13:39:57Z">
    <groups>
    </groups>
    <test name="Validating Title" duration-ms="12273" started-at="2021-05-07T13:39:23Z" finished-at="2021-05-07T13:39:36Z">
      <class name="academy.VerifyTitle">
        <test-method status="PASS" signature="initialize()[pri:0, instance:academy.VerifyTitle@9816741]" name="initialize" is-config="true" duration-ms="10518" started-at="2021-05-07T19:09:23Z" finished-at="2021-05-07T19:09:34Z">
          <reporter-output>
          </reporter-output>
        </test-method> <!-- initialize -->
        <test-method status="PASS" signature="VerifyTitle()[pri:0, instance:academy.VerifyTitle@9816741]" name="VerifyTitle" duration-ms="83" started-at="2021-05-07T19:09:34Z" finished-at="2021-05-07T19:09:34Z">
          <reporter-output>
          </reporter-output>
        </test-method> <!-- VerifyTitle -->
        <test-method status="PASS" signature="closeDriver()[pri:0, instance:academy.VerifyTitle@9816741]" name="closeDriver" is-config="true" duration-ms="1660" started-at="2021-05-07T19:09:34Z" finished-at="2021-05-07T19:09:36Z">
          <reporter-output>
          </reporter-output>
        </test-method> <!-- closeDriver -->
      </class> <!-- academy.VerifyTitle -->
    </test> <!-- Validating Title -->
    <test name="Validating Navigation Bar" duration-ms="7700" started-at="2021-05-07T13:39:36Z" finished-at="2021-05-07T13:39:44Z">
      <class name="academy.VerifyNavBar">
        <test-method status="PASS" signature="initialize()[pri:0, instance:academy.VerifyNavBar@64b0598]" name="initialize" is-config="true" duration-ms="6046" started-at="2021-05-07T19:09:36Z" finished-at="2021-05-07T19:09:42Z">
          <reporter-output>
          </reporter-output>
        </test-method> <!-- initialize -->
        <test-method status="PASS" signature="VerifyNavBar()[pri:0, instance:academy.VerifyNavBar@64b0598]" name="VerifyNavBar" duration-ms="100" started-at="2021-05-07T19:09:42Z" finished-at="2021-05-07T19:09:42Z">
          <reporter-output>
          </reporter-output>
        </test-method> <!-- VerifyNavBar -->
        <test-method status="PASS" signature="closeDriver()[pri:0, instance:academy.VerifyNavBar@64b0598]" name="closeDriver" is-config="true" duration-ms="1553" started-at="2021-05-07T19:09:42Z" finished-at="2021-05-07T19:09:44Z">
          <reporter-output>
          </reporter-output>
        </test-method> <!-- closeDriver -->
      </class> <!-- academy.VerifyNavBar -->
    </test> <!-- Validating Navigation Bar -->
    <test name="Validating Home Page text" duration-ms="13134" started-at="2021-05-07T13:39:44Z" finished-at="2021-05-07T13:39:57Z">
      <class name="academy.HomePage">
        <test-method status="PASS" signature="initialize()[pri:0, instance:academy.HomePage@1a5b6f42]" name="initialize" is-config="true" duration-ms="3844" started-at="2021-05-07T19:09:44Z" finished-at="2021-05-07T19:09:48Z">
          <reporter-output>
          </reporter-output>
        </test-method> <!-- initialize -->
        <test-method status="PASS" signature="HomePage(java.lang.String, java.lang.String)[pri:0, instance:academy.HomePage@1a5b6f42]" name="HomePage" duration-ms="4011" started-at="2021-05-07T19:09:48Z" data-provider="getData" finished-at="2021-05-07T19:09:52Z">
          <params>
            <param index="0">
              <value>
                <![CDATA[msingh06@outlook.com]]>
              </value>
            </param>
            <param index="1">
              <value>
                <![CDATA[123456]]>
              </value>
            </param>
          </params>
          <reporter-output>
          </reporter-output>
        </test-method> <!-- HomePage -->
        <test-method status="PASS" signature="HomePage(java.lang.String, java.lang.String)[pri:0, instance:academy.HomePage@1a5b6f42]" name="HomePage" duration-ms="3537" started-at="2021-05-07T19:09:52Z" data-provider="getData" finished-at="2021-05-07T19:09:55Z">
          <params>
            <param index="0">
              <value>
                <![CDATA[maya.singh2006.com]]>
              </value>
            </param>
            <param index="1">
              <value>
                <![CDATA[121212]]>
              </value>
            </param>
          </params>
          <reporter-output>
          </reporter-output>
        </test-method> <!-- HomePage -->
        <test-method status="PASS" signature="closeDriver()[pri:0, instance:academy.HomePage@1a5b6f42]" name="closeDriver" is-config="true" duration-ms="1738" started-at="2021-05-07T19:09:55Z" finished-at="2021-05-07T19:09:57Z">
          <reporter-output>
          </reporter-output>
        </test-method> <!-- closeDriver -->
      </class> <!-- academy.HomePage -->
    </test> <!-- Validating Home Page text -->
  </suite> <!-- Suite -->
</testng-results>
