<?xml version="1.0" encoding="UTF-8"?>
<!-- Generated by org.testng.reporters.JUnitXMLReporter -->
<testsuite hostname="BLRXRI30083949" failures="0" tests="1" name="Command line test" time="0.018" errors="0" timestamp="9 May 2021 13:35:43 GMT">
  <testcase classname="academy.VerifyNavBar" name="@BeforeTest initialize" time="0.0">
    <failure type="java.lang.NullPointerException" message="Cannot invoke &amp;quot;String.equals(Object)&amp;quot; because &amp;quot;browserName&amp;quot; is null">
      <![CDATA[java.lang.NullPointerException: Cannot invoke "String.equals(Object)" because "browserName" is null
	at academy.base.initializeBrowser(base.java:35)
	at academy.VerifyNavBar.initialize(VerifyNavBar.java:27)
	at org.infinitest.testrunner.testng.TestNgRunner.runTest(TestNgRunner.java:82)
	at org.infinitest.testrunner.DefaultRunner.runTest(DefaultRunner.java:60)
	at org.infinitest.testrunner.TestRunnerProcess.runTest(TestRunnerProcess.java:70)
	at org.infinitest.testrunner.TestRunnerProcess.writeTestResultToOutputStream(TestRunnerProcess.java:112)
	at org.infinitest.testrunner.TestRunnerProcess.main(TestRunnerProcess.java:89)
... Removed 19 stack frames]]>
    </failure>
  </testcase> <!-- @BeforeTest initialize -->
  <testcase classname="academy.VerifyNavBar" name="@AfterTest closeDriver" time="0.0">
    <skipped/>
  </testcase> <!-- @AfterTest closeDriver -->
  <testcase classname="academy.VerifyNavBar" name="VerifyNavBar" time="0.0">
    <skipped/>
  </testcase> <!-- VerifyNavBar -->
</testsuite> <!-- Command line test -->
